0 silly input [ 'publish' ]
1 silly flags { _: [ 'publish' ],
1 silly flags   m: 'chore: pre-release - 0.1',
1 silly flags   message: 'chore: pre-release - 0.1',
1 silly flags   independent: true }
2 verbose rootPath /home/rheniere/Documents/test-node/test-lerna
3 info version 2.0.0
4 info versioning independent
5 silly isInitialized
6 silly isInitialized true
7 silly existsSync /home/rheniere/Documents/test-node/test-lerna/VERSION
8 silly initialize attempt
9 silly getUpdates
10 info Checking for updated packages...
11 silly hasTags
12 verbose hasTags true
13 silly getLastTag
14 verbose getLastTag v0.0.1-test.0
15 info Comparing with v0.0.1-test.0.
16 silly diffSinceIn v0.0.1-test.0 /home/rheniere/Documents/test-node/test-lerna/src/api
17 silly diff
18 silly diffSinceIn v0.0.1-test.0 /home/rheniere/Documents/test-node/test-lerna/src/web
19 silly diff
20 silly collectDependents
21 silly collectUpdates
22 info No updated packages to publish.
23 silly initialize success
24 silly execute attempt
25 silly isDetachedHead
26 silly getCurrentBranch
27 verbose getCurrentBranch master
28 verbose isDetachedHead false
29 silly commit chore: pre-release - 0.1
30 verbose commit [ 'commit',
30 verbose commit   '-F',
30 verbose commit   '/tmp/079799c1-39d2-44e1-9e8b-274062c43f84/lerna-commit.txt' ]
31 error execute Error: On branch master
31 error execute Changes not staged for commit:
31 error execute 	modified:   lerna-debug.log
31 error execute 	modified:   lerna.json
31 error execute
31 error execute no changes added to commit
31 error execute
31 error execute     at Function.module.exports.sync (/usr/local/lib/node_modules/lerna/node_modules/execa/index.js:277:26)
31 error execute     at Function.execSync (/usr/local/lib/node_modules/lerna/lib/ChildProcessUtilities.js:59:30)
31 error execute     at Function.commit (/usr/local/lib/node_modules/lerna/lib/GitUtilities.js:84:39)
31 error execute     at PublishCommand.gitCommitAndTagVersionForUpdates (/usr/local/lib/node_modules/lerna/lib/commands/PublishCommand.js:599:30)
31 error execute     at PublishCommand.commitAndTagUpdates (/usr/local/lib/node_modules/lerna/lib/commands/PublishCommand.js:580:26)
31 error execute     at PublishCommand.execute (/usr/local/lib/node_modules/lerna/lib/commands/PublishCommand.js:261:16)
31 error execute     at PublishCommand._attempt (/usr/local/lib/node_modules/lerna/lib/Command.js:289:21)
31 error execute     at /usr/local/lib/node_modules/lerna/lib/Command.js:276:15
31 error execute     at /usr/local/lib/node_modules/lerna/lib/Command.js:298:13
31 error execute     at PublishCommand.initialize (/usr/local/lib/node_modules/lerna/lib/commands/PublishCommand.js:220:9)
31 error execute  callback with error
31 error execute  { Error: On branch master
31 error execute Changes not staged for commit:
31 error execute 	modified:   lerna-debug.log
31 error execute 	modified:   lerna.json
31 error execute
31 error execute no changes added to commit
31 error execute
31 error execute     at Function.module.exports.sync (/usr/local/lib/node_modules/lerna/node_modules/execa/index.js:277:26)
31 error execute     at Function.execSync (/usr/local/lib/node_modules/lerna/lib/ChildProcessUtilities.js:59:30)
31 error execute     at Function.commit (/usr/local/lib/node_modules/lerna/lib/GitUtilities.js:84:39)
31 error execute     at PublishCommand.gitCommitAndTagVersionForUpdates (/usr/local/lib/node_modules/lerna/lib/commands/PublishCommand.js:599:30)
31 error execute     at PublishCommand.commitAndTagUpdates (/usr/local/lib/node_modules/lerna/lib/commands/PublishCommand.js:580:26)
31 error execute     at PublishCommand.execute (/usr/local/lib/node_modules/lerna/lib/commands/PublishCommand.js:261:16)
31 error execute     at PublishCommand._attempt (/usr/local/lib/node_modules/lerna/lib/Command.js:289:21)
31 error execute     at /usr/local/lib/node_modules/lerna/lib/Command.js:276:15
31 error execute     at /usr/local/lib/node_modules/lerna/lib/Command.js:298:13
31 error execute     at PublishCommand.initialize (/usr/local/lib/node_modules/lerna/lib/commands/PublishCommand.js:220:9)
31 error execute   stack: 'Error: On branch master\nChanges not staged for commit:\n\tmodified:   lerna-debug.log\n\tmodified:   lerna.json\n\nno changes added to commit\n\n    at Function.module.exports.sync (/usr/local/lib/node_modules/lerna/node_modules/execa/index.js:277:26)\n    at Function.execSync (/usr/local/lib/node_modules/lerna/lib/ChildProcessUtilities.js:59:30)\n    at Function.commit (/usr/local/lib/node_modules/lerna/lib/GitUtilities.js:84:39)\n    at PublishCommand.gitCommitAndTagVersionForUpdates (/usr/local/lib/node_modules/lerna/lib/commands/PublishCommand.js:599:30)\n    at PublishCommand.commitAndTagUpdates (/usr/local/lib/node_modules/lerna/lib/commands/PublishCommand.js:580:26)\n    at PublishCommand.execute (/usr/local/lib/node_modules/lerna/lib/commands/PublishCommand.js:261:16)\n    at PublishCommand._attempt (/usr/local/lib/node_modules/lerna/lib/Command.js:289:21)\n    at /usr/local/lib/node_modules/lerna/lib/Command.js:276:15\n    at /usr/local/lib/node_modules/lerna/lib/Command.js:298:13\n    at PublishCommand.initialize (/usr/local/lib/node_modules/lerna/lib/commands/PublishCommand.js:220:9)' }
